<?xml version="1.0" encoding="UTF-8"?>
<!-- Generated by org.testng.reporters.JUnitXMLReporter -->
<testsuite ignored="1" hostname="DESKTOP-EVK9GMC" failures="0" tests="4" name="Default test" time="0.165" errors="0" timestamp="2021-03-20T10:31:19 IST">
  <testcase classname="testng.Test1" name="calls" time="0.03"/>
  <testcase classname="testng.Test1" name="calls" time="0.008"/>
  <testcase classname="testng.Test1" name="calls" time="0.005"/>
  <testcase classname="testng.Test1" name="chats" time="0.006"/>
  <testcase classname="testng.Test1" name="block" time="0.0">
    <ignored/>
  </testcase> <!-- block -->
</testsuite> <!-- Default test -->
