<?xml version="1.0" encoding="UTF-8"?>
<testng-results ignored="0" total="3" passed="3" failed="0" skipped="0">
  <reporter-output>
    <line>
      <![CDATA[]]>
    </line>
    <line>
      <![CDATA[https://www.facebook.com/login/?privacy_mutation_token=eyJ0eXBlIjowLCJjcmVhdGlvbl90aW1lIjoxNjE2MzA0NTUzLCJjYWxsc2l0ZV9pZCI6MzgxMjI5MDc5NTc1OTQ2fQ%3D%3D]]>
    </line>
    <line>
      <![CDATA[Facebook – log in or sign up]]>
    </line>
    <line>
      <![CDATA[https://www.facebook.com/login/?privacy_mutation_token=eyJ0eXBlIjowLCJjcmVhdGlvbl90aW1lIjoxNjE2MzA0NTUzLCJjYWxsc2l0ZV9pZCI6MzgxMjI5MDc5NTc1OTQ2fQ%3D%3D]]>
    </line>
    <line>
      <![CDATA[Log in to Facebook]]>
    </line>
    <line>
      <![CDATA[https://www.facebook.com/login/?privacy_mutation_token=eyJ0eXBlIjowLCJjcmVhdGlvbl90aW1lIjoxNjE2MzA0NTcwLCJjYWxsc2l0ZV9pZCI6MzgxMjI5MDc5NTc1OTQ2fQ%3D%3D]]>
    </line>
  </reporter-output>
  <suite started-at="2021-03-21T10:59:07 IST" name="Suite" finished-at="2021-03-21T10:59:41 IST" duration-ms="34555">
    <groups>
    </groups>
    <test started-at="2021-03-21T10:59:07 IST" name="Test1" finished-at="2021-03-21T10:59:25 IST" duration-ms="18243">
      <class name="testng.Prallelexecution">
        <test-method is-config="true" signature="openapp()[pri:0, instance:testng.Prallelexecution@ba54932]" started-at="2021-03-21T10:59:07 IST" name="openapp" finished-at="2021-03-21T10:59:07 IST" duration-ms="12" status="PASS">
          <reporter-output>
          </reporter-output>
        </test-method> <!-- openapp -->
        <test-method signature="login(java.lang.String)[pri:0, instance:testng.Prallelexecution@ba54932]" started-at="2021-03-21T10:59:07 IST" name="login" finished-at="2021-03-21T10:59:21 IST" duration-ms="13918" status="PASS">
          <params>
            <param index="0">
              <value>
                <![CDATA[chrome]]>
              </value>
            </param>
          </params>
          <reporter-output>
            <line>
              <![CDATA[]]>
            </line>
            <line>
              <![CDATA[https://www.facebook.com/login/?privacy_mutation_token=eyJ0eXBlIjowLCJjcmVhdGlvbl90aW1lIjoxNjE2MzA0NTUzLCJjYWxsc2l0ZV9pZCI6MzgxMjI5MDc5NTc1OTQ2fQ%3D%3D]]>
            </line>
          </reporter-output>
        </test-method> <!-- login -->
        <test-method is-config="true" signature="closeapp()[pri:0, instance:testng.Prallelexecution@ba54932]" started-at="2021-03-21T10:59:21 IST" name="closeapp" finished-at="2021-03-21T10:59:25 IST" duration-ms="4219" status="PASS">
          <reporter-output>
          </reporter-output>
        </test-method> <!-- closeapp -->
      </class> <!-- testng.Prallelexecution -->
    </test> <!-- Test1 -->
    <test started-at="2021-03-21T10:59:07 IST" name="Test3" finished-at="2021-03-21T10:59:27 IST" duration-ms="20149">
      <class name="testng.Prallelexecution">
        <test-method is-config="true" signature="openapp()[pri:0, instance:testng.Prallelexecution@2177849e]" started-at="2021-03-21T10:59:07 IST" name="openapp" finished-at="2021-03-21T10:59:07 IST" duration-ms="15" status="PASS">
          <reporter-output>
          </reporter-output>
        </test-method> <!-- openapp -->
        <test-method signature="login(java.lang.String)[pri:0, instance:testng.Prallelexecution@2177849e]" started-at="2021-03-21T10:59:07 IST" name="login" finished-at="2021-03-21T10:59:23 IST" duration-ms="15758" status="PASS">
          <params>
            <param index="0">
              <value>
                <![CDATA[chrome]]>
              </value>
            </param>
          </params>
          <reporter-output>
            <line>
              <![CDATA[Facebook – log in or sign up]]>
            </line>
            <line>
              <![CDATA[https://www.facebook.com/login/?privacy_mutation_token=eyJ0eXBlIjowLCJjcmVhdGlvbl90aW1lIjoxNjE2MzA0NTUzLCJjYWxsc2l0ZV9pZCI6MzgxMjI5MDc5NTc1OTQ2fQ%3D%3D]]>
            </line>
          </reporter-output>
        </test-method> <!-- login -->
        <test-method is-config="true" signature="closeapp()[pri:0, instance:testng.Prallelexecution@2177849e]" started-at="2021-03-21T10:59:23 IST" name="closeapp" finished-at="2021-03-21T10:59:27 IST" duration-ms="4293" status="PASS">
          <reporter-output>
          </reporter-output>
        </test-method> <!-- closeapp -->
      </class> <!-- testng.Prallelexecution -->
    </test> <!-- Test3 -->
    <test started-at="2021-03-21T10:59:07 IST" name="Test2" finished-at="2021-03-21T10:59:41 IST" duration-ms="34555">
      <class name="testng.Prallelexecution">
        <test-method is-config="true" signature="openapp()[pri:0, instance:testng.Prallelexecution@306cf3ea]" started-at="2021-03-21T10:59:07 IST" name="openapp" finished-at="2021-03-21T10:59:07 IST" duration-ms="15" status="PASS">
          <reporter-output>
          </reporter-output>
        </test-method> <!-- openapp -->
        <test-method signature="login(java.lang.String)[pri:0, instance:testng.Prallelexecution@306cf3ea]" started-at="2021-03-21T10:59:07 IST" name="login" finished-at="2021-03-21T10:59:40 IST" duration-ms="32889" status="PASS">
          <params>
            <param index="0">
              <value>
                <![CDATA[firefox]]>
              </value>
            </param>
          </params>
          <reporter-output>
            <line>
              <![CDATA[Log in to Facebook]]>
            </line>
            <line>
              <![CDATA[https://www.facebook.com/login/?privacy_mutation_token=eyJ0eXBlIjowLCJjcmVhdGlvbl90aW1lIjoxNjE2MzA0NTcwLCJjYWxsc2l0ZV9pZCI6MzgxMjI5MDc5NTc1OTQ2fQ%3D%3D]]>
            </line>
          </reporter-output>
        </test-method> <!-- login -->
        <test-method is-config="true" signature="closeapp()[pri:0, instance:testng.Prallelexecution@306cf3ea]" started-at="2021-03-21T10:59:40 IST" name="closeapp" finished-at="2021-03-21T10:59:41 IST" duration-ms="1565" status="PASS">
          <reporter-output>
          </reporter-output>
        </test-method> <!-- closeapp -->
      </class> <!-- testng.Prallelexecution -->
    </test> <!-- Test2 -->
  </suite> <!-- Suite -->
</testng-results>
